Determining if the pthread_create exist failed with the following output:
Change Dir: /home/nir/bgumodo_ws/build/CMakeFiles/CMakeTmp

Run Build Command:/usr/bin/make "cmTryCompileExec1478114622/fast"
/usr/bin/make -f CMakeFiles/cmTryCompileExec1478114622.dir/build.make CMakeFiles/cmTryCompileExec1478114622.dir/build
make[1]: Entering directory `/home/nir/bgumodo_ws/build/CMakeFiles/CMakeTmp'
/usr/bin/cmake -E cmake_progress_report /home/nir/bgumodo_ws/build/CMakeFiles/CMakeTmp/CMakeFiles 1
Building C object CMakeFiles/cmTryCompileExec1478114622.dir/CheckSymbolExists.c.o
/usr/bin/cc    -o CMakeFiles/cmTryCompileExec1478114622.dir/CheckSymbolExists.c.o   -c /home/nir/bgumodo_ws/build/CMakeFiles/CMakeTmp/CheckSymbolExists.c
Linking C executable cmTryCompileExec1478114622
/usr/bin/cmake -E cmake_link_script CMakeFiles/cmTryCompileExec1478114622.dir/link.txt --verbose=1
/usr/bin/cc       CMakeFiles/cmTryCompileExec1478114622.dir/CheckSymbolExists.c.o  -o cmTryCompileExec1478114622 -rdynamic 
CMakeFiles/cmTryCompileExec1478114622.dir/CheckSymbolExists.c.o: In function `main':
CheckSymbolExists.c:(.text+0x16): undefined reference to `pthread_create'
collect2: error: ld returned 1 exit status
make[1]: *** [cmTryCompileExec1478114622] Error 1
make[1]: Leaving directory `/home/nir/bgumodo_ws/build/CMakeFiles/CMakeTmp'
make: *** [cmTryCompileExec1478114622/fast] Error 2

File /home/nir/bgumodo_ws/build/CMakeFiles/CMakeTmp/CheckSymbolExists.c:
/* */
#include <pthread.h>

int main(int argc, char** argv)
{
  (void)argv;
#ifndef pthread_create
  return ((int*)(&pthread_create))[argc];
#else
  (void)argc;
  return 0;
#endif
}

Determining if the function pthread_create exists in the pthreads failed with the following output:
Change Dir: /home/nir/bgumodo_ws/build/CMakeFiles/CMakeTmp

Run Build Command:/usr/bin/make "cmTryCompileExec2126633255/fast"
/usr/bin/make -f CMakeFiles/cmTryCompileExec2126633255.dir/build.make CMakeFiles/cmTryCompileExec2126633255.dir/build
make[1]: Entering directory `/home/nir/bgumodo_ws/build/CMakeFiles/CMakeTmp'
/usr/bin/cmake -E cmake_progress_report /home/nir/bgumodo_ws/build/CMakeFiles/CMakeTmp/CMakeFiles 1
Building C object CMakeFiles/cmTryCompileExec2126633255.dir/CheckFunctionExists.c.o
/usr/bin/cc   -DCHECK_FUNCTION_EXISTS=pthread_create   -o CMakeFiles/cmTryCompileExec2126633255.dir/CheckFunctionExists.c.o   -c /usr/share/cmake-2.8/Modules/CheckFunctionExists.c
Linking C executable cmTryCompileExec2126633255
/usr/bin/cmake -E cmake_link_script CMakeFiles/cmTryCompileExec2126633255.dir/link.txt --verbose=1
/usr/bin/cc   -DCHECK_FUNCTION_EXISTS=pthread_create    CMakeFiles/cmTryCompileExec2126633255.dir/CheckFunctionExists.c.o  -o cmTryCompileExec2126633255 -rdynamic -lpthreads 
/usr/bin/ld: cannot find -lpthreads
collect2: error: ld returned 1 exit status
make[1]: *** [cmTryCompileExec2126633255] Error 1
make[1]: Leaving directory `/home/nir/bgumodo_ws/build/CMakeFiles/CMakeTmp'
make: *** [cmTryCompileExec2126633255/fast] Error 2


